# JRE version: 7.0_11-b21
# Java VM: Java HotSpot(TM) 64-Bit Server VM (23.6-b04 mixed mode windows-amd64 compressed oops)
Heap
 PSYoungGen      total 92352K, used 15485K [0x00000000fa000000, 0x00000000ffba0000, 0x0000000100000000)
  eden space 91072K, 15% used [0x00000000fa000000,0x00000000fadff6e0,0x00000000ff8f0000)
  from space 1280K, 90% used [0x00000000ff8f0000,0x00000000ffa10000,0x00000000ffa30000)
  to   space 1280K, 0% used [0x00000000ffa60000,0x00000000ffa60000,0x00000000ffba0000)
 ParOldGen       total 100544K, used 72311K [0x00000000e8000000, 0x00000000ee230000, 0x00000000fa000000)
  object space 100544K, 71% used [0x00000000e8000000,0x00000000ec69dc20,0x00000000ee230000)
 PSPermGen       total 112768K, used 61879K [0x00000000e0000000, 0x00000000e6e20000, 0x00000000e8000000)
  object space 112768K, 54% used [0x00000000e0000000,0x00000000e3c6dc28,0x00000000e6e20000)
GC Heap History (10 events):
Event: 17826.620 GC heap before
{Heap before GC invocations=1792 (full 3):
 PSYoungGen      total 91968K, used 91808K [0x00000000fa000000, 0x00000000ffb00000, 0x0000000100000000)
  eden space 90752K, 100% used [0x00000000fa000000,0x00000000ff8a0000,0x00000000ff8a0000)
  from space 1216K, 86% used [0x00000000ff9d0000,0x00000000ffad8000,0x00000000ffb00000)
  to   space 1216K, 0% used [0x00000000ff8a0000,0x00000000ff8a0000,0x00000000ff9d0000)
 ParOldGen       total 100544K, used 72207K [0x00000000e8000000, 0x00000000ee230000, 0x00000000fa000000)
  object space 100544K, 71% used [0x00000000e8000000,0x00000000ec683c20,0x00000000ee230000)
 PSPermGen       total 112768K, used 61879K [0x00000000e0000000, 0x00000000e6e20000, 0x00000000e8000000)
  object space 112768K, 54% used [0x00000000e0000000,0x00000000e3c6dc28,0x00000000e6e20000)
Event: 17826.622 GC heap after
Heap after GC invocations=1792 (full 3):
 PSYoungGen      total 91968K, used 1120K [0x00000000fa000000, 0x00000000ffb30000, 0x0000000100000000)
  eden space 90752K, 0% used [0x00000000fa000000,0x00000000fa000000,0x00000000ff8a0000)
  from space 1216K, 92% used [0x00000000ff8a0000,0x00000000ff9b8000,0x00000000ff9d0000)
  to   space 1216K, 0% used [0x00000000ffa00000,0x00000000ffa00000,0x00000000ffb30000)
 ParOldGen       total 100544K, used 72231K [0x00000000e8000000, 0x00000000ee230000, 0x00000000fa000000)
  object space 100544K, 71% used [0x00000000e8000000,0x00000000ec689c20,0x00000000ee230000)
 PSPermGen       total 112768K, used 61879K [0x00000000e0000000, 0x00000000e6e20000, 0x00000000e8000000)
  object space 112768K, 54% used [0x00000000e0000000,0x00000000e3c6dc28,0x00000000e6e20000)
}
Event: 17838.647 GC heap before
{Heap before GC invocations=1793 (full 3):
 PSYoungGen      total 91968K, used 91872K [0x00000000fa000000, 0x00000000ffb30000, 0x0000000100000000)
  eden space 90752K, 100% used [0x00000000fa000000,0x00000000ff8a0000,0x00000000ff8a0000)
  from space 1216K, 92% used [0x00000000ff8a0000,0x00000000ff9b8000,0x00000000ff9d0000)
  to   space 1216K, 0% used [0x00000000ffa00000,0x00000000ffa00000,0x00000000ffb30000)
 ParOldGen       total 100544K, used 72231K [0x00000000e8000000, 0x00000000ee230000, 0x00000000fa000000)
  object space 100544K, 71% used [0x00000000e8000000,0x00000000ec689c20,0x00000000ee230000)
 PSPermGen       total 112768K, used 61879K [0x00000000e0000000, 0x00000000e6e20000, 0x00000000e8000000)
  object space 112768K, 54% used [0x00000000e0000000,0x00000000e3c6dc28,0x00000000e6e20000)
Event: 17838.649 GC heap after
Heap after GC invocations=1793 (full 3):
 PSYoungGen      total 92160K, used 1056K [0x00000000fa000000, 0x00000000ffb30000, 0x0000000100000000)
  eden space 90944K, 0% used [0x00000000fa000000,0x00000000fa000000,0x00000000ff8d0000)
  from space 1216K, 86% used [0x00000000ffa00000,0x00000000ffb08000,0x00000000ffb30000)
  to   space 1216K, 0% used [0x00000000ff8d0000,0x00000000ff8d0000,0x00000000ffa00000)
 ParOldGen       total 100544K, used 72255K [0x00000000e8000000, 0x00000000ee230000, 0x00000000fa000000)
  object space 100544K, 71% used [0x00000000e8000000,0x00000000ec68fc20,0x00000000ee230000)
 PSPermGen       total 112768K, used 61879K [0x00000000e0000000, 0x00000000e6e20000, 0x00000000e8000000)
  object space 112768K, 54% used [0x00000000e0000000,0x00000000e3c6dc28,0x00000000e6e20000)
}
Event: 17850.657 GC heap before
{Heap before GC invocations=1794 (full 3):
 PSYoungGen      total 92160K, used 92000K [0x00000000fa000000, 0x00000000ffb30000, 0x0000000100000000)
  eden space 90944K, 100% used [0x00000000fa000000,0x00000000ff8d0000,0x00000000ff8d0000)
  from space 1216K, 86% used [0x00000000ffa00000,0x00000000ffb08000,0x00000000ffb30000)
  to   space 1216K, 0% used [0x00000000ff8d0000,0x00000000ff8d0000,0x00000000ffa00000)
 ParOldGen       total 100544K, used 72255K [0x00000000e8000000, 0x00000000ee230000, 0x00000000fa000000)
  object space 100544K, 71% used [0x00000000e8000000,0x00000000ec68fc20,0x00000000ee230000)
 PSPermGen       total 112768K, used 61879K [0x00000000e0000000, 0x00000000e6e20000, 0x00000000e8000000)
  object space 112768K, 54% used [0x00000000e0000000,0x00000000e3c6dc28,0x00000000e6e20000)
Event: 17850.659 GC heap after
Heap after GC invocations=1794 (full 3):
 PSYoungGen      total 92160K, used 1184K [0x00000000fa000000, 0x00000000ffb60000, 0x0000000100000000)
  eden space 90944K, 0% used [0x00000000fa000000,0x00000000fa000000,0x00000000ff8d0000)
  from space 1216K, 97% used [0x00000000ff8d0000,0x00000000ff9f8000,0x00000000ffa00000)
  to   space 1216K, 0% used [0x00000000ffa30000,0x00000000ffa30000,0x00000000ffb60000)
 ParOldGen       total 100544K, used 72271K [0x00000000e8000000, 0x00000000ee230000, 0x00000000fa000000)
  object space 100544K, 71% used [0x00000000e8000000,0x00000000ec693c20,0x00000000ee230000)
 PSPermGen       total 112768K, used 61879K [0x00000000e0000000, 0x00000000e6e20000, 0x00000000e8000000)
  object space 112768K, 54% used [0x00000000e0000000,0x00000000e3c6dc28,0x00000000e6e20000)
}
Event: 17862.683 GC heap before
{Heap before GC invocations=1795 (full 3):
 PSYoungGen      total 92160K, used 92128K [0x00000000fa000000, 0x00000000ffb60000, 0x0000000100000000)
  eden space 90944K, 100% used [0x00000000fa000000,0x00000000ff8d0000,0x00000000ff8d0000)
  from space 1216K, 97% used [0x00000000ff8d0000,0x00000000ff9f8000,0x00000000ffa00000)
  to   space 1216K, 0% used [0x00000000ffa30000,0x00000000ffa30000,0x00000000ffb60000)
 ParOldGen       total 100544K, used 72271K [0x00000000e8000000, 0x00000000ee230000, 0x00000000fa000000)
  object space 100544K, 71% used [0x00000000e8000000,0x00000000ec693c20,0x00000000ee230000)
 PSPermGen       total 112768K, used 61879K [0x00000000e0000000, 0x00000000e6e20000, 0x00000000e8000000)
  object space 112768K, 54% used [0x00000000e0000000,0x00000000e3c6dc28,0x00000000e6e20000)
Event: 17862.686 GC heap after
Heap after GC invocations=1795 (full 3):
 PSYoungGen      total 92288K, used 992K [0x00000000fa000000, 0x00000000ffb80000, 0x0000000100000000)
  eden space 91072K, 0% used [0x00000000fa000000,0x00000000fa000000,0x00000000ff8f0000)
  from space 1216K, 81% used [0x00000000ffa30000,0x00000000ffb28000,0x00000000ffb60000)
  to   space 1280K, 0% used [0x00000000ff8f0000,0x00000000ff8f0000,0x00000000ffa30000)
 ParOldGen       total 100544K, used 72287K [0x00000000e8000000, 0x00000000ee230000, 0x00000000fa000000)
  object space 100544K, 71% used [0x00000000e8000000,0x00000000ec697c20,0x00000000ee230000)
 PSPermGen       total 112768K, used 61879K [0x00000000e0000000, 0x00000000e6e20000, 0x00000000e8000000)
  object space 112768K, 54% used [0x00000000e0000000,0x00000000e3c6dc28,0x00000000e6e20000)
}
Event: 17880.678 GC heap before
{Heap before GC invocations=1796 (full 3):
 PSYoungGen      total 92288K, used 92064K [0x00000000fa000000, 0x00000000ffb80000, 0x0000000100000000)
  eden space 91072K, 100% used [0x00000000fa000000,0x00000000ff8f0000,0x00000000ff8f0000)
  from space 1216K, 81% used [0x00000000ffa30000,0x00000000ffb28000,0x00000000ffb60000)
  to   space 1280K, 0% used [0x00000000ff8f0000,0x00000000ff8f0000,0x00000000ffa30000)
 ParOldGen       total 100544K, used 72287K [0x00000000e8000000, 0x00000000ee230000, 0x00000000fa000000)
  object space 100544K, 71% used [0x00000000e8000000,0x00000000ec697c20,0x00000000ee230000)
 PSPermGen       total 112768K, used 61879K [0x00000000e0000000, 0x00000000e6e20000, 0x00000000e8000000)
  object space 112768K, 54% used [0x00000000e0000000,0x00000000e3c6dc28,0x00000000e6e20000)
Event: 17880.680 GC heap after
Heap after GC invocations=1796 (full 3):
 PSYoungGen      total 92352K, used 1152K [0x00000000fa000000, 0x00000000ffba0000, 0x0000000100000000)
  eden space 91072K, 0% used [0x00000000fa000000,0x00000000fa000000,0x00000000ff8f0000)
  from space 1280K, 90% used [0x00000000ff8f0000,0x00000000ffa10000,0x00000000ffa30000)
  to   space 1280K, 0% used [0x00000000ffa60000,0x00000000ffa60000,0x00000000ffba0000)
 ParOldGen       total 100544K, used 72311K [0x00000000e8000000, 0x00000000ee230000, 0x00000000fa000000)
  object space 100544K, 71% used [0x00000000e8000000,0x00000000ec69dc20,0x00000000ee230000)
 PSPermGen       total 112768K, used 61879K [0x00000000e0000000, 0x00000000e6e20000, 0x00000000e8000000)
  object space 112768K, 54% used [0x00000000e0000000,0x00000000e3c6dc28,0x00000000e6e20000)
}

